<?xml version="1.0" encoding="UTF-8"?>
<!-- Generated by org.testng.reporters.JUnitXMLReporter -->
<testsuite ignored="0" hostname="Jeffins-MBP" failures="1" tests="1" name="Core Selenium Tests - Dropdowns" time="6.225" errors="0" timestamp="2025-10-10T17:48:24 EDT">
  <testcase classname="core.DropdownsTests" name="selectMultiDropdown" time="0.156">
    <failure type="java.lang.AssertionError" message="expected [false] but found [true]">
      <![CDATA[java.lang.AssertionError: expected [false] but found [true]
at core.DropdownsTests.selectMultiDropdown(DropdownsTests.java:76)
at java.base/java.util.ArrayList.forEach(ArrayList.java:1597)
... Removed 29 stack frames]]>
    </failure>
  </testcase> <!-- selectMultiDropdown -->
</testsuite> <!-- Core Selenium Tests - Dropdowns -->
